{
  "stats": {
    "suites": 1,
    "tests": 4,
    "passes": 4,
    "pending": 0,
    "failures": 0,
    "start": "2020-11-20T14:07:45.598Z",
    "end": "2020-11-20T14:07:48.288Z",
    "duration": 2690,
    "testsRegistered": 4,
    "passPercent": 100,
    "pendingPercent": 0,
    "other": 0,
    "hasOther": false,
    "skipped": 0,
    "hasSkipped": false
  },
  "results": [
    {
      "uuid": "507979bd-12cf-4919-bf22-135fe85905f4",
      "title": "",
      "fullFile": "cypress/integration/backend-auth.spec.js",
      "file": "cypress/integration/backend-auth.spec.js",
      "beforeHooks": [],
      "afterHooks": [],
      "tests": [],
      "suites": [
        {
          "uuid": "79046a72-cf10-4a30-a640-be64b709c218",
          "title": "testing auth",
          "fullFile": "",
          "file": "",
          "beforeHooks": [],
          "afterHooks": [],
          "tests": [
            {
              "title": "Test case 1",
              "fullTitle": "testing auth Test case 1",
              "timedOut": null,
              "duration": 700,
              "state": "passed",
              "speed": "slow",
              "pass": true,
              "fail": false,
              "pending": false,
              "context": null,
              "code": "cy.authenticateSession().then(function (response) {\n  cy.request({\n    method: \"GET\",\n    url: 'http://localhost:3000/api/clients',\n    headers: {\n      'X-User-Auth': JSON.stringify(Cypress.env().loginToken),\n      'Content-Type': 'application/json'\n    }\n  }).then(function (response) {\n    cy.log(response.body[0].id);\n    cy.log(response.body[0].created);\n    cy.log(response.body[0].name);\n    cy.log(response.body[0].email);\n    cy.log(response.body[0].telephone);\n  });\n});",
              "err": {},
              "uuid": "c9e083e6-fc81-4195-8c67-aae9114a716e",
              "parentUUID": "79046a72-cf10-4a30-a640-be64b709c218",
              "isHook": false,
              "skipped": false
            },
            {
              "title": "Test case 2, Create a new client",
              "fullTitle": "testing auth Test case 2, Create a new client",
              "timedOut": null,
              "duration": 659,
              "state": "passed",
              "speed": "slow",
              "pass": true,
              "fail": false,
              "pending": false,
              "context": null,
              "code": "clientHelpers.createClientRequest(cy);",
              "err": {},
              "uuid": "302499c5-2d95-4923-baee-90db71922791",
              "parentUUID": "79046a72-cf10-4a30-a640-be64b709c218",
              "isHook": false,
              "skipped": false
            },
            {
              "title": "Test case 3, Get all clients",
              "fullTitle": "testing auth Test case 3, Get all clients",
              "timedOut": null,
              "duration": 563,
              "state": "passed",
              "speed": "slow",
              "pass": true,
              "fail": false,
              "pending": false,
              "context": null,
              "code": "clientHelpers.getAllClientsRequest(cy);",
              "err": {},
              "uuid": "756491e8-75ab-4803-84b7-4e431762c16f",
              "parentUUID": "79046a72-cf10-4a30-a640-be64b709c218",
              "isHook": false,
              "skipped": false
            },
            {
              "title": "Test case4, Create a client and delete it",
              "fullTitle": "testing auth Test case4, Create a client and delete it",
              "timedOut": null,
              "duration": 629,
              "state": "passed",
              "speed": "slow",
              "pass": true,
              "fail": false,
              "pending": false,
              "context": null,
              "code": "clientHelpers.createClientRequestAndDelete(cy);",
              "err": {},
              "uuid": "21130aec-e5aa-4a33-bb91-30c60a41dc3d",
              "parentUUID": "79046a72-cf10-4a30-a640-be64b709c218",
              "isHook": false,
              "skipped": false
            }
          ],
          "suites": [],
          "passes": [
            "c9e083e6-fc81-4195-8c67-aae9114a716e",
            "302499c5-2d95-4923-baee-90db71922791",
            "756491e8-75ab-4803-84b7-4e431762c16f",
            "21130aec-e5aa-4a33-bb91-30c60a41dc3d"
          ],
          "failures": [],
          "pending": [],
          "skipped": [],
          "duration": 2551,
          "root": false,
          "rootEmpty": false,
          "_timeout": 2000
        }
      ],
      "passes": [],
      "failures": [],
      "pending": [],
      "skipped": [],
      "duration": 0,
      "root": true,
      "rootEmpty": true,
      "_timeout": 2000
    }
  ],
  "meta": {
    "mocha": {
      "version": "7.0.1"
    },
    "mochawesome": {
      "options": {
        "quiet": false,
        "reportFilename": "mochawesome",
        "saveHtml": true,
        "saveJson": true,
        "consoleReporter": "spec",
        "useInlineDiffs": false,
        "code": true
      },
      "version": "6.1.1"
    },
    "marge": {
      "options": null,
      "version": "5.1.0"
    }
  }
}