{
  "stats": {
    "suites": 1,
    "tests": 6,
    "passes": 6,
    "pending": 0,
    "failures": 0,
    "start": "2020-11-21T12:18:33.853Z",
    "end": "2020-11-21T12:18:39.660Z",
    "duration": 5807,
    "testsRegistered": 6,
    "passPercent": 100,
    "pendingPercent": 0,
    "other": 0,
    "hasOther": false,
    "skipped": 0,
    "hasSkipped": false
  },
  "results": [
    {
      "uuid": "a81d6460-9964-46ca-9a6f-24b8804617fc",
      "title": "",
      "fullFile": "cypress/integration/backend-auth.spec.js",
      "file": "cypress/integration/backend-auth.spec.js",
      "beforeHooks": [],
      "afterHooks": [],
      "tests": [],
      "suites": [
        {
          "uuid": "4b3dad40-06d2-4777-9add-6ad639dd2612",
          "title": "Testing auth",
          "fullFile": "",
          "file": "",
          "beforeHooks": [],
          "afterHooks": [],
          "tests": [
            {
              "title": "Test case 1, Get the content amount of every page",
              "fullTitle": "Testing auth Test case 1, Get the content amount of every page",
              "timedOut": null,
              "duration": 2436,
              "state": "passed",
              "speed": "slow",
              "pass": true,
              "fail": false,
              "pending": false,
              "context": null,
              "code": "pageHelpers.checkAllPages(cy);",
              "err": {},
              "uuid": "d9ba2898-5f0f-4699-902d-6ff8a7fbc0ab",
              "parentUUID": "4b3dad40-06d2-4777-9add-6ad639dd2612",
              "isHook": false,
              "skipped": false
            },
            {
              "title": "Test case 2, Create a new client",
              "fullTitle": "Testing auth Test case 2, Create a new client",
              "timedOut": null,
              "duration": 621,
              "state": "passed",
              "speed": "slow",
              "pass": true,
              "fail": false,
              "pending": false,
              "context": null,
              "code": "clientHelpers.createClientRequest(cy);",
              "err": {},
              "uuid": "21e5ea82-fc37-4a53-9144-4f0d3915e04f",
              "parentUUID": "4b3dad40-06d2-4777-9add-6ad639dd2612",
              "isHook": false,
              "skipped": false
            },
            {
              "title": "Test case 3, Get all clients",
              "fullTitle": "Testing auth Test case 3, Get all clients",
              "timedOut": null,
              "duration": 597,
              "state": "passed",
              "speed": "slow",
              "pass": true,
              "fail": false,
              "pending": false,
              "context": null,
              "code": "clientHelpers.getAllClientsRequest(cy);",
              "err": {},
              "uuid": "ad29d598-36f8-4e89-b8a5-48b2acfb0624",
              "parentUUID": "4b3dad40-06d2-4777-9add-6ad639dd2612",
              "isHook": false,
              "skipped": false
            },
            {
              "title": "Test case 4, Create a client and delete it",
              "fullTitle": "Testing auth Test case 4, Create a client and delete it",
              "timedOut": null,
              "duration": 644,
              "state": "passed",
              "speed": "slow",
              "pass": true,
              "fail": false,
              "pending": false,
              "context": null,
              "code": "clientHelpers.createClientRequestAndDelete(cy);",
              "err": {},
              "uuid": "5975d8f8-064c-4d2d-b470-13429f2e25dc",
              "parentUUID": "4b3dad40-06d2-4777-9add-6ad639dd2612",
              "isHook": false,
              "skipped": false
            },
            {
              "title": "Test case 5, Edit first client",
              "fullTitle": "Testing auth Test case 5, Edit first client",
              "timedOut": null,
              "duration": 682,
              "state": "passed",
              "speed": "slow",
              "pass": true,
              "fail": false,
              "pending": false,
              "context": null,
              "code": "clientHelpers.editFirstClient(cy);",
              "err": {},
              "uuid": "fc0ad3e7-d814-4956-b2c5-6b2917cefd55",
              "parentUUID": "4b3dad40-06d2-4777-9add-6ad639dd2612",
              "isHook": false,
              "skipped": false
            },
            {
              "title": "Test case 6, Edit second client",
              "fullTitle": "Testing auth Test case 6, Edit second client",
              "timedOut": null,
              "duration": 644,
              "state": "passed",
              "speed": "slow",
              "pass": true,
              "fail": false,
              "pending": false,
              "context": null,
              "code": "clientHelpers.editSecondClient(cy);",
              "err": {},
              "uuid": "f297a73f-0626-48d5-8267-977ce6e978d1",
              "parentUUID": "4b3dad40-06d2-4777-9add-6ad639dd2612",
              "isHook": false,
              "skipped": false
            }
          ],
          "suites": [],
          "passes": [
            "d9ba2898-5f0f-4699-902d-6ff8a7fbc0ab",
            "21e5ea82-fc37-4a53-9144-4f0d3915e04f",
            "ad29d598-36f8-4e89-b8a5-48b2acfb0624",
            "5975d8f8-064c-4d2d-b470-13429f2e25dc",
            "fc0ad3e7-d814-4956-b2c5-6b2917cefd55",
            "f297a73f-0626-48d5-8267-977ce6e978d1"
          ],
          "failures": [],
          "pending": [],
          "skipped": [],
          "duration": 5624,
          "root": false,
          "rootEmpty": false,
          "_timeout": 2000
        }
      ],
      "passes": [],
      "failures": [],
      "pending": [],
      "skipped": [],
      "duration": 0,
      "root": true,
      "rootEmpty": true,
      "_timeout": 2000
    }
  ],
  "meta": {
    "mocha": {
      "version": "7.0.1"
    },
    "mochawesome": {
      "options": {
        "quiet": false,
        "reportFilename": "mochawesome",
        "saveHtml": true,
        "saveJson": true,
        "consoleReporter": "spec",
        "useInlineDiffs": false,
        "code": true
      },
      "version": "6.1.1"
    },
    "marge": {
      "options": null,
      "version": "5.1.0"
    }
  }
}